{"name": "Basic Test Case", "status": "passed", "statusDetails": {}, "steps": [{"name": "BuiltIn.Log", "status": "passed", "statusDetails": {}, "attachments": [{"name": "Keyword Log", "source": "eabfcd16-f8f2-4252-a396-e15d566bb4fb-attachment.html", "type": "text/html"}], "parameters": [{"name": "arg1", "value": "Basic Test case"}], "start": 1649253239668, "stop": 1649253239669}, {"name": "SeleniumLibrary.Open Browser", "status": "passed", "statusDetails": {}, "attachments": [{"name": "Keyword Log", "source": "c8122469-9040-433f-a5f7-759d64da37ef-attachment.html", "type": "text/html"}], "parameters": [{"name": "arg1", "value": "https://gmail.com"}, {"name": "arg2", "value": "firefox"}], "start": 1649253239670, "stop": 1649253250900}, {"name": "SeleniumLibrary.Set Selenium Implicit Wait", "status": "passed", "statusDetails": {}, "parameters": [{"name": "arg1", "value": "10 seconds"}], "start": 1649253250901, "stop": 1649253250914}, {"name": "SeleniumLibrary.Log Title", "status": "passed", "statusDetails": {}, "attachments": [{"name": "Keyword Log", "source": "744e1b8b-0368-4617-b24a-64c291b87548-attachment.html", "type": "text/html"}], "start": 1649253250914, "stop": 1649253250925}, {"name": "SeleniumLibrary.Input Text", "status": "passed", "statusDetails": {}, "attachments": [{"name": "Keyword Log", "source": "302e1087-cce4-4d90-937b-327a938b794e-attachment.html", "type": "text/html"}], "parameters": [{"name": "arg1", "value": "id:identifierId"}, {"name": "arg2", "value": "trainer@way2automation.com"}], "start": 1649253250926, "stop": 1649253251070}, {"name": "SeleniumLibrary.Click Element", "status": "passed", "statusDetails": {}, "attachments": [{"name": "Keyword Log", "source": "07a4508f-677e-42e2-81e4-738b07083a22-attachment.html", "type": "text/html"}], "parameters": [{"name": "arg1", "value": "//*[@id=\"identifierNext\"]/div/button/span"}], "start": 1649253251071, "stop": 1649253251362}, {"name": "SeleniumLibrary.Wait Until Element Is Visible", "status": "passed", "statusDetails": {}, "parameters": [{"name": "arg1", "value": "//*[@id=\"password\"]/div[1]/div/div[1]/input"}, {"name": "arg2", "value": "5 seconds"}], "start": 1649253251363, "stop": 1649253252367}, {"name": "SeleniumLibrary.Input Text", "status": "passed", "statusDetails": {}, "attachments": [{"name": "Keyword Log", "source": "be99beec-4c24-4e3e-8f70-a960a786a167-attachment.html", "type": "text/html"}], "parameters": [{"name": "arg1", "value": "//*[@id=\"password\"]/div[1]/div/div[1]/input"}, {"name": "arg2", "value": "asldkfsdfs"}], "start": 1649253252367, "stop": 1649253252422}, {"name": "BuiltIn.Wait Until Keyword Succeeds", "status": "passed", "statusDetails": {"message": "ElementClickInterceptedException: Message: Element <span class=\"VfPpkd-vQzf8d\"> is not clickable at point (820,551) because another element <div class=\"ANuIbb IdAqtf\"> obscures it\nStacktrace:\nWebDriverError@chrome://remote/content/shared/webdriver/Errors.jsm:183:5\nElementClickInterceptedError@chrome://remote/content/shared/webdriver/Errors.jsm:282:5\nwebdriverClickElement@chrome://remote/content/marionette/interaction.js:166:11\ninteraction.clickElement@chrome://remote/content/marionette/interaction.js:125:11\nclickElement@chrome://remote/content/marionette/actors/MarionetteCommandsChild.jsm:203:24\nreceiveMessage@chrome://remote/content/marionette/actors/MarionetteCommandsChild.jsm:91:31\n"}, "steps": [{"name": "SeleniumLibrary.Click Element", "status": "failed", "statusDetails": {"message": "ElementClickInterceptedException: Message: Element <span class=\"VfPpkd-vQzf8d\"> is not clickable at point (820,551) because another element <div class=\"ANuIbb IdAqtf\"> obscures it\nStacktrace:\nWebDriverError@chrome://remote/content/shared/webdriver/Errors.jsm:183:5\nElementClickInterceptedError@chrome://remote/content/shared/webdriver/Errors.jsm:282:5\nwebdriverClickElement@chrome://remote/content/marionette/interaction.js:166:11\ninteraction.clickElement@chrome://remote/content/marionette/interaction.js:125:11\nclickElement@chrome://remote/content/marionette/actors/MarionetteCommandsChild.jsm:203:24\nreceiveMessage@chrome://remote/content/marionette/actors/MarionetteCommandsChild.jsm:91:31\n"}, "steps": [{"name": "SeleniumLibrary.Capture Page Screenshot", "status": "passed", "statusDetails": {}, "attachments": [{"name": "Keyword Log", "source": "564e02c3-3d1f-4274-8848-a68b3e98d722-attachment.html", "type": "text/html"}], "start": 1649253252436, "stop": 1649253252482}], "attachments": [{"name": "Keyword Log", "source": "7c4b2f60-48f7-43b0-91f9-1cca73060592-attachment.html", "type": "text/html"}], "parameters": [{"name": "arg1", "value": "//*[@id=\"passwordNext\"]/div/button/span"}], "start": 1649253252423, "stop": 1649253252512}, {"name": "SeleniumLibrary.Click Element", "status": "passed", "statusDetails": {"message": "ElementClickInterceptedException: Message: Element <span class=\"VfPpkd-vQzf8d\"> is not clickable at point (820,551) because another element <div class=\"ANuIbb IdAqtf\"> obscures it\nStacktrace:\nWebDriverError@chrome://remote/content/shared/webdriver/Errors.jsm:183:5\nElementClickInterceptedError@chrome://remote/content/shared/webdriver/Errors.jsm:282:5\nwebdriverClickElement@chrome://remote/content/marionette/interaction.js:166:11\ninteraction.clickElement@chrome://remote/content/marionette/interaction.js:125:11\nclickElement@chrome://remote/content/marionette/actors/MarionetteCommandsChild.jsm:203:24\nreceiveMessage@chrome://remote/content/marionette/actors/MarionetteCommandsChild.jsm:91:31\n"}, "attachments": [{"name": "Keyword Log", "source": "7468dec8-ca1d-4fc1-9e0d-0ca9c1c4bb9f-attachment.html", "type": "text/html"}], "parameters": [{"name": "arg1", "value": "//*[@id=\"passwordNext\"]/div/button/span"}], "start": 1649253254522, "stop": 1649253259792}], "parameters": [{"name": "arg1", "value": "5x"}, {"name": "arg2", "value": "2s"}, {"name": "arg3", "value": "click element"}, {"name": "arg4", "value": "//*[@id=\"passwordNext\"]/div/button/span"}], "start": 1649253252423, "stop": 1649253259792}, {"name": "SeleniumLibrary.Get Text", "status": "passed", "statusDetails": {"message": "ElementClickInterceptedException: Message: Element <span class=\"VfPpkd-vQzf8d\"> is not clickable at point (820,551) because another element <div class=\"ANuIbb IdAqtf\"> obscures it\nStacktrace:\nWebDriverError@chrome://remote/content/shared/webdriver/Errors.jsm:183:5\nElementClickInterceptedError@chrome://remote/content/shared/webdriver/Errors.jsm:282:5\nwebdriverClickElement@chrome://remote/content/marionette/interaction.js:166:11\ninteraction.clickElement@chrome://remote/content/marionette/interaction.js:125:11\nclickElement@chrome://remote/content/marionette/actors/MarionetteCommandsChild.jsm:203:24\nreceiveMessage@chrome://remote/content/marionette/actors/MarionetteCommandsChild.jsm:91:31\n"}, "attachments": [{"name": "Keyword Log", "source": "2438a0cd-a45f-4548-88b8-675ccc4a374f-attachment.html", "type": "text/html"}], "parameters": [{"name": "arg1", "value": "//*[@id=\"view_container\"]/div/div/div[2]/div/div[1]/div/form/span/section/div/div/div[1]/div[2]/div[2]/span"}], "start": 1649253259792, "stop": 1649253259812}, {"name": "SeleniumLibrary.Close Browser", "status": "passed", "statusDetails": {"message": "ElementClickInterceptedException: Message: Element <span class=\"VfPpkd-vQzf8d\"> is not clickable at point (820,551) because another element <div class=\"ANuIbb IdAqtf\"> obscures it\nStacktrace:\nWebDriverError@chrome://remote/content/shared/webdriver/Errors.jsm:183:5\nElementClickInterceptedError@chrome://remote/content/shared/webdriver/Errors.jsm:282:5\nwebdriverClickElement@chrome://remote/content/marionette/interaction.js:166:11\ninteraction.clickElement@chrome://remote/content/marionette/interaction.js:125:11\nclickElement@chrome://remote/content/marionette/actors/MarionetteCommandsChild.jsm:203:24\nreceiveMessage@chrome://remote/content/marionette/actors/MarionetteCommandsChild.jsm:91:31\n"}, "start": 1649253259813, "stop": 1649253260498}], "start": 1649253239668, "stop": 1649253260499, "uuid": "3484b9d4-a599-4c88-ac7e-a6b33616dfdd", "historyId": "354453551d327022556d5c661fd1371a", "fullName": "Suites.First Test.Basic Test Case", "labels": [{"name": "suite", "value": "Suites"}, {"name": "subSuite", "value": "First Test"}, {"name": "framework", "value": "robotframework"}, {"name": "language", "value": "cpython3"}, {"name": "host", "value": "LAPTOP-TUN1U03P"}, {"name": "thread", "value": "1-8ad28b7f8312490c8592960a0f80cf41"}]}